<?xml version="1.0" encoding="utf-8"?><testsuites name="pytest tests"><testsuite name="pytest" errors="0" failures="0" skipped="1" tests="9" time="45.409" timestamp="2026-04-22T05:23:13.465233+00:00" hostname="agent-env-9fd622cf-4634-43ee-87cb-c50f47b332a7"><testcase classname="backend.tests.test_pahadi_api" name="test_health" time="0.240" /><testcase classname="backend.tests.test_pahadi_api" name="test_clear_history_initial" time="0.141" /><testcase classname="backend.tests.test_pahadi_api" name="test_medical_query_english" time="14.649" /><testcase classname="backend.tests.test_pahadi_api" name="test_medical_query_hindi" time="7.254" /><testcase classname="backend.tests.test_pahadi_api" name="test_medical_query_red_flag" time="9.724" /><testcase classname="backend.tests.test_pahadi_api" name="test_identify_medicine_image" time="12.910" /><testcase classname="backend.tests.test_pahadi_api" name="test_transcribe_audio_skip" time="0.000"><skipped type="pytest.skip" message="No audio fixture available; skipping per test plan">/app/backend/tests/test_pahadi_api.py:95: No audio fixture available; skipping per test plan</skipped></testcase><testcase classname="backend.tests.test_pahadi_api" name="test_history_list" time="0.120" /><testcase classname="backend.tests.test_pahadi_api" name="test_clear_history_end" time="0.245" /></testsuite></testsuites>