<?xml version="1.0" encoding="utf-8"?><testsuites name="pytest tests"><testsuite name="pytest" errors="0" failures="1" skipped="0" tests="9" time="31.289" timestamp="2026-04-22T07:34:20.686517+00:00" hostname="agent-env-9fd622cf-4634-43ee-87cb-c50f47b332a7"><testcase classname="backend.tests.test_multi_medicine.TestHealth" name="test_health" time="0.282" /><testcase classname="backend.tests.test_multi_medicine.TestMultiMedicineQuery" name="test_two_medicines_en" time="9.700"><failure message="AssertionError: {&quot;detail&quot;:&quot;Gemini API error: 503&quot;}&#10;assert 502 == 200&#10; +  where 502 = &lt;Response [502]&gt;.status_code">backend/tests/test_multi_medicine.py:32: in test_two_medicines_en
    assert r.status_code == 200, r.text
E   AssertionError: {"detail":"Gemini API error: 503"}
E   assert 502 == 200
E    +  where 502 = &lt;Response [502]&gt;.status_code</failure></testcase><testcase classname="backend.tests.test_multi_medicine.TestMultiMedicineQuery" name="test_four_medicines_rejected" time="0.062" /><testcase classname="backend.tests.test_multi_medicine.TestMultiMedicineQuery" name="test_empty_list_rejected" time="0.059" /><testcase classname="backend.tests.test_multi_medicine.TestMultiMedicineQuery" name="test_whitespace_only_rejected" time="0.056" /><testcase classname="backend.tests.test_multi_medicine.TestMultiMedicineQuery" name="test_hindi_response" time="16.984" /><testcase classname="backend.tests.test_multi_medicine.TestRegressionSingleEndpoints" name="test_medical_query_en" time="3.706" /><testcase classname="backend.tests.test_multi_medicine.TestRegressionSingleEndpoints" name="test_medical_query_empty_rejected" time="0.063" /><testcase classname="backend.tests.test_multi_medicine.TestRegressionSingleEndpoints" name="test_identify_medicine_invalid_image" time="0.180" /></testsuite></testsuites>